<?xml version="1.0" encoding="UTF-8"?>
<!-- Generated by org.testng.reporters.JUnitReportReporter -->
<testsuite hostname="DESKTOP-3HBPL3T" failures="0" tests="2" name="Amazon.AmazonFrameworkDesign.Tests.SubmitOrderTest" time="57.742" errors="0" timestamp="2024-07-24T21:22:33 EEST" skipped="0">
  <testcase classname="Amazon.AmazonFrameworkDesign.Tests.SubmitOrderTest" name="OrderHistoryTest" time="21.059"/>
  <system-out/>
  <testcase classname="Amazon.AmazonFrameworkDesign.Tests.SubmitOrderTest" name="SubmitOrderTest" time="36.683"/>
  <system-out/>
</testsuite> <!-- Amazon.AmazonFrameworkDesign.Tests.SubmitOrderTest -->
