<?xml version="1.0" encoding="UTF-8"?>
<!-- Generated by org.testng.reporters.JUnitReportReporter -->
<testsuite hostname="DESKTOP-3HBPL3T" failures="0" tests="3" name="Amazon.AmazonFrameworkDesign.Tests.SubmitOrderTest" time="146.937" errors="0" timestamp="2024-08-04T14:25:08 EEST" skipped="0">
  <testcase classname="Amazon.AmazonFrameworkDesign.Tests.SubmitOrderTest" name="OrderHistoryTest" time="45.538"/>
  <system-out/>
  <testcase classname="Amazon.AmazonFrameworkDesign.Tests.SubmitOrderTest" name="submitOrderTest" time="46.857"/>
  <system-out/>
  <testcase classname="Amazon.AmazonFrameworkDesign.Tests.SubmitOrderTest" name="submitOrderTest" time="54.542"/>
  <system-out/>
</testsuite> <!-- Amazon.AmazonFrameworkDesign.Tests.SubmitOrderTest -->
